<?xml version="1.0" encoding="UTF-8"?>
<!-- Generated by org.testng.reporters.JUnitReportReporter -->
<testsuite hostname="DESKTOP-GOOE8VN" failures="0" tests="1" name="tutorialsninja.tests.TC_RF_18" time="121.199" errors="0" timestamp="2025-06-26T17:11:57 IST" skipped="0">
  <testcase classname="tutorialsninja.tests.TC_RF_18" name="verifyRegisteringAccountFieldsHeightWidthAligment" time="121.199"/>
</testsuite> <!-- tutorialsninja.tests.TC_RF_18 -->
