<?xml version="1.0" encoding="UTF-8"?>
<!-- Generated by org.testng.reporters.JUnitReportReporter -->
<testsuite hostname="DESKTOP-GOOE8VN" failures="0" tests="1" name="tutorialsninja.register.TC_RF_001" time="35.414" errors="0" timestamp="2025-06-23T10:59:08 IST" skipped="0">
  <testcase classname="tutorialsninja.register.TC_RF_001" name="verifyRegisteringWithMandatoryFeild" time="35.414"/>
</testsuite> <!-- tutorialsninja.register.TC_RF_001 -->
