<?xml version="1.0" encoding="UTF-8"?>
<!-- Generated by org.testng.reporters.JUnitReportReporter -->
<testsuite hostname="DESKTOP-GOOE8VN" failures="0" tests="21" name="tutorialsninja.tests.Login" time="211.123" errors="0" timestamp="2025-08-07T17:01:57 IST" skipped="0">
  <testcase classname="tutorialsninja.tests.Login" name="verifyLoginWithValidCredentials" time="7.427"/>
  <system-out/>
  <testcase classname="tutorialsninja.tests.Login" name="verifyLoginWithInvalidCredentials" time="7.384"/>
  <system-out/>
  <testcase classname="tutorialsninja.tests.Login" name="verifyLoginWithInvalidEmailAndValidPassword" time="7.378"/>
  <system-out/>
  <testcase classname="tutorialsninja.tests.Login" name="verifyLoginWithvalidEmailAndInvalidPassword" time="7.308"/>
  <system-out/>
  <testcase classname="tutorialsninja.tests.Login" name="verifyLoginWithoutCredentials" time="6.874"/>
  <system-out/>
  <testcase classname="tutorialsninja.tests.Login" name="verifyForgottendPasswordLinkOnLoginPage" time="6.119"/>
  <system-out/>
  <testcase classname="tutorialsninja.tests.Login" name="verifyLoggingIntoTheApplicationUsingKeyboardKeys" time="12.571"/>
  <system-out/>
  <testcase classname="tutorialsninja.tests.Login" name="verifyLoginFieldsPlaceholders" time="6.999"/>
  <system-out/>
  <testcase classname="tutorialsninja.tests.Login" name="verifyBrowserBackAfterLogin" time="10.895"/>
  <system-out/>
  <testcase classname="tutorialsninja.tests.Login" name="verifyBrowserBackAfterLoggingOut" time="9.342"/>
  <system-out/>
  <testcase classname="tutorialsninja.tests.Login" name="verifyLoginWithInactiveCredentials" time="6.840"/>
  <system-out/>
  <testcase classname="tutorialsninja.tests.Login" name="verifyNumberOfUnsuccessfulLoginAttemps" time="14.206"/>
  <system-out/>
  <testcase classname="tutorialsninja.tests.Login" name="verifyTextEnteredIntoPasswordFieldIsToggledToHideItsVisibility" time="5.296"/>
  <system-out/>
  <testcase classname="tutorialsninja.tests.Login" name="verifyCopyingOfTextEnteredIntoPasswordField" time="5.798"/>
  <system-out/>
  <testcase classname="tutorialsninja.tests.Login" name="verifyPasswordIsStoredInHTMLCodeOfThePage" time="5.707"/>
  <system-out/>
  <testcase classname="tutorialsninja.tests.Login" name="verifyLoggingIntoApplicationAfterChaningPassword" time="15.378"/>
  <system-out/>
  <testcase classname="tutorialsninja.tests.Login" name="verifyNavigatingToDifferentPageFromLoginPage" time="45.182"/>
  <system-out/>
  <testcase classname="tutorialsninja.tests.Login" name="verifyDifferentWayOfNavigatingToLoginPage" time="10.432"/>
  <system-out/>
  <testcase classname="tutorialsninja.tests.Login" name="verifyBreadcrumbPageHeadingTitleAndPageURLOfLoginPage" time="5.522"/>
  <system-out/>
  <testcase classname="tutorialsninja.tests.Login" name="verifyUIOfLoginPage" time="7.220"/>
  <system-out/>
  <testcase classname="tutorialsninja.tests.Login" name="verifyLoginFunctionalityInAllEnvioronments" time="7.245"/>
  <system-out/>
</testsuite> <!-- tutorialsninja.tests.Login -->
