<?xml version="1.0" encoding="UTF-8"?>
<!-- Generated by org.testng.reporters.JUnitReportReporter -->
<testsuite hostname="DESKTOP-GOOE8VN" failures="0" tests="1" name="tutorialsninja.register.TC_RF_16$TC_RF_10" time="11.183" errors="0" timestamp="2025-06-22T17:44:45 IST" skipped="0">
  <testcase classname="tutorialsninja.register.TC_RF_16$TC_RF_10" name="verifyRegisteringAccountWithOnlySpaces" time="11.183"/>
</testsuite> <!-- tutorialsninja.register.TC_RF_16$TC_RF_10 -->
