<?xml version="1.0" encoding="UTF-8"?>
<!-- Generated by org.testng.reporters.JUnitReportReporter -->
<testsuite hostname="DESKTOP-GOOE8VN" failures="0" tests="1" name="tutorialsninja.register.TC_RF_21" time="6.538" errors="0" timestamp="2025-06-22T17:44:45 IST" skipped="0">
  <testcase classname="tutorialsninja.register.TC_RF_21" name="verifyRegisterAccountWithoutPrivacyPolicySelection" time="6.538"/>
</testsuite> <!-- tutorialsninja.register.TC_RF_21 -->
