<?xml version="1.0" encoding="UTF-8"?>
<!-- Generated by org.testng.reporters.JUnitReportReporter -->
<testsuite hostname="DESKTOP-GOOE8VN" failures="0" tests="1" name="tutorialsninja.register.TC_RF_16" time="11.721" errors="0" timestamp="2025-06-18T12:11:14 IST" skipped="0">
  <testcase classname="tutorialsninja.register.TC_RF_16" name="verifyRegisteringAccountWithOnlySpaces" time="11.721"/>
</testsuite> <!-- tutorialsninja.register.TC_RF_16 -->
