<?xml version="1.0" encoding="UTF-8"?>
<!-- Generated by org.testng.reporters.JUnitReportReporter -->
<testsuite hostname="DESKTOP-GOOE8VN" failures="0" tests="1" name="tutorialsninja.register.TC_RF_10" time="23.137" errors="0" timestamp="2025-06-22T18:04:27 IST" skipped="0">
  <testcase classname="tutorialsninja.register.TC_RF_10" name="verifyRegisteringAccountUsingInvalidEmail" time="23.137"/>
</testsuite> <!-- tutorialsninja.register.TC_RF_10 -->
